<?xml version="1.0" encoding="UTF-8"?>
<testsuite name="Equations.MatTests" tests="6" skipped="0" failures="0" errors="0" timestamp="2019-10-29T17:38:23" hostname="derrek-MacBookPro" time="0.006">
  <properties/>
  <testcase name="removeDieByDie" classname="Equations.MatTests" time="0.003"/>
  <testcase name="reorderMissingDice" classname="Equations.MatTests" time="0.0"/>
  <testcase name="removeDieTest" classname="Equations.MatTests" time="0.0"/>
  <testcase name="addDieTest" classname="Equations.MatTests" time="0.0"/>
  <testcase name="removeMissingDieByDie" classname="Equations.MatTests" time="0.0"/>
  <testcase name="removeMissingDieTest" classname="Equations.MatTests" time="0.0"/>
  <system-out><![CDATA[]]></system-out>
  <system-err><![CDATA[]]></system-err>
</testsuite>
